\\VBOXSVR\disk2\graphdev\TLRender\Render3DRdcMsVC\3dDraw\Debug\3dDraw.write.1.tlog
\\VBOXSVR\DISK2\GRAPHDEV\TLRENDER\RENDER3DRDCMSVC\3DDRAW\DEBUG\3DS.OBJ
\\VBOXSVR\DISK2\GRAPHDEV\TLRENDER\RENDER3DRDCMSVC\3DDRAW\DEBUG\API.OBJ
\\VBOXSVR\DISK2\GRAPHDEV\TLRENDER\RENDER3DRDCMSVC\3DDRAW\DEBUG\ARRAYS.OBJ
\\VBOXSVR\disk2\graphdev\TLRender\Render3DRdcMsVC\3dDraw\Debug\cl.command.1.tlog
\\VBOXSVR\disk2\graphdev\TLRender\Render3DRdcMsVC\3dDraw\Debug\CL.read.1.tlog
\\VBOXSVR\disk2\graphdev\TLRender\Render3DRdcMsVC\3dDraw\Debug\CL.write.1.tlog
\\VBOXSVR\DISK2\GRAPHDEV\TLRENDER\RENDER3DRDCMSVC\3DDRAW\DEBUG\CLEAR.OBJ
\\VBOXSVR\DISK2\GRAPHDEV\TLRENDER\RENDER3DRDCMSVC\3DDRAW\DEBUG\CLIP.OBJ
\\VBOXSVR\DISK2\GRAPHDEV\TLRENDER\RENDER3DRDCMSVC\3DDRAW\DEBUG\ERROR.OBJ
\\VBOXSVR\DISK2\GRAPHDEV\TLRENDER\RENDER3DRDCMSVC\3DDRAW\DEBUG\GET.OBJ
\\VBOXSVR\DISK2\GRAPHDEV\TLRENDER\RENDER3DRDCMSVC\3DDRAW\DEBUG\GLU.OBJ
\\VBOXSVR\DISK2\GRAPHDEV\TLRENDER\RENDER3DRDCMSVC\3DDRAW\DEBUG\IMAGE_UTIL.OBJ
\\VBOXSVR\DISK2\GRAPHDEV\TLRENDER\RENDER3DRDCMSVC\3DDRAW\DEBUG\INIT.OBJ
\\VBOXSVR\DISK2\GRAPHDEV\TLRENDER\RENDER3DRDCMSVC\3DDRAW\DEBUG\KH_PROJECT.OBJ
\\VBOXSVR\DISK2\GRAPHDEV\TLRENDER\RENDER3DRDCMSVC\3DDRAW\DEBUG\LIGHT.OBJ
\\VBOXSVR\DISK2\GRAPHDEV\TLRENDER\RENDER3DRDCMSVC\3DDRAW\DEBUG\LIST.OBJ
\\VBOXSVR\DISK2\GRAPHDEV\TLRENDER\RENDER3DRDCMSVC\3DDRAW\DEBUG\MATRIX.OBJ
\\VBOXSVR\DISK2\GRAPHDEV\TLRENDER\RENDER3DRDCMSVC\3DDRAW\DEBUG\MEMORY.OBJ
\\VBOXSVR\DISK2\GRAPHDEV\TLRENDER\RENDER3DRDCMSVC\3DDRAW\DEBUG\MISC.OBJ
\\VBOXSVR\DISK2\GRAPHDEV\TLRENDER\RENDER3DRDCMSVC\3DDRAW\DEBUG\MSGHANDLING.OBJ
\\VBOXSVR\DISK2\GRAPHDEV\TLRENDER\RENDER3DRDCMSVC\3DDRAW\DEBUG\SELECT.OBJ
\\VBOXSVR\DISK2\GRAPHDEV\TLRENDER\RENDER3DRDCMSVC\3DDRAW\DEBUG\SPECBUF.OBJ
\\VBOXSVR\DISK2\GRAPHDEV\TLRENDER\RENDER3DRDCMSVC\3DDRAW\DEBUG\TEXTURE.OBJ
\\VBOXSVR\disk2\graphdev\TLRender\Render3DRdcMsVC\3dDraw\Debug\vc100.idb
\\VBOXSVR\DISK2\GRAPHDEV\TLRENDER\RENDER3DRDCMSVC\3DDRAW\DEBUG\VC100.PDB
\\VBOXSVR\DISK2\GRAPHDEV\TLRENDER\RENDER3DRDCMSVC\3DDRAW\DEBUG\VERTEX.OBJ
\\VBOXSVR\DISK2\GRAPHDEV\TLRENDER\RENDER3DRDCMSVC\3DDRAW\DEBUG\ZBUFFER.OBJ
\\VBOXSVR\DISK2\GRAPHDEV\TLRENDER\RENDER3DRDCMSVC\3DDRAW\DEBUG\ZDITHER.OBJ
\\VBOXSVR\DISK2\GRAPHDEV\TLRENDER\RENDER3DRDCMSVC\3DDRAW\DEBUG\ZMATH.OBJ
\\VBOXSVR\DISK2\GRAPHDEV\TLRENDER\RENDER3DRDCMSVC\3DDRAW\DEBUG\ZTRIANGLE.OBJ
