C:\test02\3dDraw\Debug\3dDraw.write.1.tlog
C:\TEST02\3DDRAW\DEBUG\3DS.OBJ
C:\test02\3dDraw\Debug\cl.command.1.tlog
C:\test02\3dDraw\Debug\CL.read.1.tlog
C:\test02\3dDraw\Debug\CL.write.1.tlog
C:\TEST02\3DDRAW\DEBUG\CLIP.OBJ
C:\TEST02\3DDRAW\DEBUG\ERROR.OBJ
C:\TEST02\3DDRAW\DEBUG\GLU.OBJ
C:\TEST02\3DDRAW\DEBUG\GLX.OBJ
C:\TEST02\3DDRAW\DEBUG\IMAGE_UTIL.OBJ
C:\TEST02\3DDRAW\DEBUG\INIT.OBJ
C:\TEST02\3DDRAW\DEBUG\KH_PROJECT.OBJ
C:\TEST02\3DDRAW\DEBUG\LIGHT.OBJ
C:\TEST02\3DDRAW\DEBUG\LIST.OBJ
C:\TEST02\3DDRAW\DEBUG\MAIN.OBJ
C:\TEST02\3DDRAW\DEBUG\MATRIX.OBJ
C:\TEST02\3DDRAW\DEBUG\MEMORY.OBJ
C:\TEST02\3DDRAW\DEBUG\MISC.OBJ
C:\TEST02\3DDRAW\DEBUG\MSGHANDLING.OBJ
C:\TEST02\3DDRAW\DEBUG\SPECBUF.OBJ
C:\TEST02\3DDRAW\DEBUG\TEXTURE.OBJ
C:\test02\3dDraw\Debug\vc100.idb
C:\TEST02\3DDRAW\DEBUG\VC100.PDB
C:\TEST02\3DDRAW\DEBUG\VERTEX.OBJ
C:\TEST02\3DDRAW\DEBUG\ZBUFFER.OBJ
C:\TEST02\3DDRAW\DEBUG\ZDITHER.OBJ
C:\TEST02\3DDRAW\DEBUG\ZMATH.OBJ
C:\TEST02\3DDRAW\DEBUG\ZTRIANGLE.OBJ
